# JRE version: OpenJDK Runtime Environment (17.0.9) (build 17.0.9+0--11185874)
# Java VM: OpenJDK 64-Bit Server VM (17.0.9+0--11185874, mixed mode, tiered, compressed oops, compressed class ptrs, g1 gc, windows-amd64)
GC Precious Log:
 CPUs: 2 total, 2 available
 Memory: 6094M
 Large Page Support: Disabled
 NUMA Support: Disabled
 Compressed Oops: Enabled (32-bit)
 Heap Region Size: 1M
 Heap Min Capacity: 8M
 Heap Initial Capacity: 96M
 Heap Max Capacity: 2G
 Pre-touch: Disabled
 Parallel Workers: 2
 Concurrent Workers: 1
 Concurrent Refinement Workers: 2
 Periodic GC: Disabled
Heap:
 garbage-first heap   total 598016K, used 282624K [0x0000000080000000, 0x0000000100000000)
  region size 1024K, 4 young (4096K), 4 survivors (4096K)
 Metaspace       used 165041K, committed 166720K, reserved 1245184K
  class space    used 21402K, committed 22208K, reserved 1048576K
GC Heap History (20 events):
Event: 6730.953 GC heap after
{Heap after GC invocations=131 (full 0):
 garbage-first heap   total 508928K, used 387033K [0x0000000080000000, 0x0000000100000000)
  region size 1024K, 5 young (5120K), 5 survivors (5120K)
 Metaspace       used 163649K, committed 164992K, reserved 1245184K
  class space    used 21300K, committed 21952K, reserved 1048576K
}
Event: 6731.217 GC heap before
{Heap before GC invocations=131 (full 0):
 garbage-first heap   total 508928K, used 417753K [0x0000000080000000, 0x0000000100000000)
  region size 1024K, 35 young (35840K), 5 survivors (5120K)
 Metaspace       used 163666K, committed 165056K, reserved 1245184K
  class space    used 21300K, committed 21952K, reserved 1048576K
}
Event: 6731.352 GC heap after
{Heap after GC invocations=132 (full 0):
 garbage-first heap   total 508928K, used 404161K [0x0000000080000000, 0x0000000100000000)
  region size 1024K, 5 young (5120K), 5 survivors (5120K)
 Metaspace       used 163666K, committed 165056K, reserved 1245184K
  class space    used 21300K, committed 21952K, reserved 1048576K
}
Event: 6732.821 GC heap before
{Heap before GC invocations=132 (full 0):
 garbage-first heap   total 508928K, used 440001K [0x0000000080000000, 0x0000000100000000)
  region size 1024K, 24 young (24576K), 5 survivors (5120K)
 Metaspace       used 163959K, committed 165248K, reserved 1245184K
  class space    used 21342K, committed 21952K, reserved 1048576K
}
Event: 6732.882 GC heap after
{Heap after GC invocations=133 (full 0):
 garbage-first heap   total 508928K, used 408576K [0x0000000080000000, 0x0000000100000000)
  region size 1024K, 3 young (3072K), 3 survivors (3072K)
 Metaspace       used 163959K, committed 165248K, reserved 1245184K
  class space    used 21342K, committed 21952K, reserved 1048576K
}
Event: 6734.183 GC heap before
{Heap before GC invocations=133 (full 0):
 garbage-first heap   total 508928K, used 429056K [0x0000000080000000, 0x0000000100000000)
  region size 1024K, 24 young (24576K), 3 survivors (3072K)
 Metaspace       used 164702K, committed 166144K, reserved 1245184K
  class space    used 21428K, committed 22144K, reserved 1048576K
}
Event: 6734.198 GC heap after
{Heap after GC invocations=134 (full 0):
 garbage-first heap   total 508928K, used 410466K [0x0000000080000000, 0x0000000100000000)
  region size 1024K, 2 young (2048K), 2 survivors (2048K)
 Metaspace       used 164702K, committed 166144K, reserved 1245184K
  class space    used 21428K, committed 22144K, reserved 1048576K
}
Event: 6811.992 GC heap before
{Heap before GC invocations=134 (full 0):
 garbage-first heap   total 508928K, used 435042K [0x0000000080000000, 0x0000000100000000)
  region size 1024K, 27 young (27648K), 2 survivors (2048K)
 Metaspace       used 164774K, committed 166144K, reserved 1245184K
  class space    used 21432K, committed 22144K, reserved 1048576K
}
Event: 6812.181 GC heap after
{Heap after GC invocations=135 (full 0):
 garbage-first heap   total 508928K, used 411075K [0x0000000080000000, 0x0000000100000000)
  region size 1024K, 2 young (2048K), 2 survivors (2048K)
 Metaspace       used 164774K, committed 166144K, reserved 1245184K
  class space    used 21432K, committed 22144K, reserved 1048576K
}
Event: 6816.278 GC heap before
{Heap before GC invocations=135 (full 0):
 garbage-first heap   total 508928K, used 436675K [0x0000000080000000, 0x0000000100000000)
  region size 1024K, 28 young (28672K), 2 survivors (2048K)
 Metaspace       used 164841K, committed 166208K, reserved 1245184K
  class space    used 21433K, committed 22144K, reserved 1048576K
}
Event: 6816.323 GC heap after
{Heap after GC invocations=136 (full 0):
 garbage-first heap   total 508928K, used 414859K [0x0000000080000000, 0x0000000100000000)
  region size 1024K, 4 young (4096K), 4 survivors (4096K)
 Metaspace       used 164841K, committed 166208K, reserved 1245184K
  class space    used 21433K, committed 22144K, reserved 1048576K
}
Event: 6819.687 GC heap before
{Heap before GC invocations=136 (full 0):
 garbage-first heap   total 508928K, used 439435K [0x0000000080000000, 0x0000000100000000)
  region size 1024K, 29 young (29696K), 4 survivors (4096K)
 Metaspace       used 165083K, committed 166592K, reserved 1245184K
  class space    used 21457K, committed 22208K, reserved 1048576K
}
Event: 6819.722 GC heap after
{Heap after GC invocations=137 (full 0):
 garbage-first heap   total 508928K, used 418632K [0x0000000080000000, 0x0000000100000000)
  region size 1024K, 4 young (4096K), 4 survivors (4096K)
 Metaspace       used 165083K, committed 166592K, reserved 1245184K
  class space    used 21457K, committed 22208K, reserved 1048576K
}
Event: 6821.238 GC heap before
{Heap before GC invocations=137 (full 0):
 garbage-first heap   total 508928K, used 450376K [0x0000000080000000, 0x0000000100000000)
  region size 1024K, 27 young (27648K), 4 survivors (4096K)
 Metaspace       used 165189K, committed 166656K, reserved 1245184K
  class space    used 21457K, committed 22208K, reserved 1048576K
}
Event: 6821.329 GC heap after
{Heap after GC invocations=138 (full 0):
 garbage-first heap   total 508928K, used 433125K [0x0000000080000000, 0x0000000100000000)
  region size 1024K, 4 young (4096K), 4 survivors (4096K)
 Metaspace       used 165189K, committed 166656K, reserved 1245184K
  class space    used 21457K, committed 22208K, reserved 1048576K
}
Event: 6821.934 GC heap before
{Heap before GC invocations=138 (full 0):
 garbage-first heap   total 508928K, used 453605K [0x0000000080000000, 0x0000000100000000)
  region size 1024K, 24 young (24576K), 4 survivors (4096K)
 Metaspace       used 165229K, committed 166720K, reserved 1245184K
  class space    used 21457K, committed 22208K, reserved 1048576K
}
Event: 6822.049 GC heap after
{Heap after GC invocations=139 (full 0):
 garbage-first heap   total 508928K, used 442368K [0x0000000080000000, 0x0000000100000000)
  region size 1024K, 3 young (3072K), 3 survivors (3072K)
 Metaspace       used 165229K, committed 166720K, reserved 1245184K
  class space    used 21457K, committed 22208K, reserved 1048576K
}
Event: 6829.820 GC heap before
{Heap before GC invocations=140 (full 0):
 garbage-first heap   total 598016K, used 361472K [0x0000000080000000, 0x0000000100000000)
  region size 1024K, 24 young (24576K), 3 survivors (3072K)
 Metaspace       used 165018K, committed 166720K, reserved 1245184K
  class space    used 21401K, committed 22208K, reserved 1048576K
}
Event: 6829.876 GC heap after
{Heap after GC invocations=141 (full 0):
 garbage-first heap   total 598016K, used 336338K [0x0000000080000000, 0x0000000100000000)
  region size 1024K, 3 young (3072K), 3 survivors (3072K)
 Metaspace       used 165018K, committed 166720K, reserved 1245184K
  class space    used 21401K, committed 22208K, reserved 1048576K
}
Event: 6831.700 GC heap before
{Heap before GC invocations=141 (full 0):
 garbage-first heap   total 598016K, used 362962K [0x0000000080000000, 0x0000000100000000)
  region size 1024K, 29 young (29696K), 3 survivors (3072K)
 Metaspace       used 165041K, committed 166720K, reserved 1245184K
  class space    used 21402K, committed 22208K, reserved 1048576K
}

